<?xml version="1.0" encoding="UTF-8"?>
<testsuites name="bun test" tests="12" assertions="22" failures="0" skipped="0" time="0.3388655">
  <testsuite name="src\utils\Utils.test.ts" file="src\utils\Utils.test.ts" tests="2" assertions="8" failures="0" skipped="0" time="0" hostname="">
    <testsuite name="Utils" file="src\utils\Utils.test.ts" line="12" tests="2" assertions="8" failures="0" skipped="0" time="0" hostname="">
      <testcase name="normalizes paths across helpers" classname="Utils" time="0" file="src\utils\Utils.test.ts" line="13" assertions="5" />
      <testcase name="detects test files and integration domains" classname="Utils" time="0" file="src\utils\Utils.test.ts" line="27" assertions="3" />
    </testsuite>
  </testsuite>
  <testsuite name="src\metrics\rules\use-cases\no-exported-usecase-dependencies\rule.test.ts" file="src\metrics\rules\use-cases\no-exported-usecase-dependencies\rule.test.ts" tests="2" assertions="3" failures="0" skipped="0" time="0" hostname="">
    <testsuite name="ARCHITECTURE-RULE-no-exported-usecase-dependencies" file="src\metrics\rules\use-cases\no-exported-usecase-dependencies\rule.test.ts" line="50" tests="2" assertions="3" failures="0" skipped="0" time="0.031" hostname="">
      <testcase name="ARCHITECTURE-RULE flags exported Dependencies interfaces" classname="ARCHITECTURE-RULE-no-exported-usecase-dependencies" time="0.015" file="src\metrics\rules\use-cases\no-exported-usecase-dependencies\rule.test.ts" line="51" assertions="2" />
      <testcase name="ARCHITECTURE-RULE allows local Dependencies types" classname="ARCHITECTURE-RULE-no-exported-usecase-dependencies" time="0.016" file="src\metrics\rules\use-cases\no-exported-usecase-dependencies\rule.test.ts" line="84" assertions="1" />
    </testsuite>
  </testsuite>
  <testsuite name="src\metrics\rules\use-cases\no-invalid-usecase-error-imports\rule.test.ts" file="src\metrics\rules\use-cases\no-invalid-usecase-error-imports\rule.test.ts" tests="3" assertions="5" failures="0" skipped="0" time="0" hostname="">
    <testsuite name="ARCHITECTURE-RULE-no-invalid-usecase-error-imports" file="src\metrics\rules\use-cases\no-invalid-usecase-error-imports\rule.test.ts" line="50" tests="3" assertions="5" failures="0" skipped="0" time="0.031" hostname="">
      <testcase name="ARCHITECTURE-RULE flags direct imports from the internal domain error module" classname="ARCHITECTURE-RULE-no-invalid-usecase-error-imports" time="0.015" file="src\metrics\rules\use-cases\no-invalid-usecase-error-imports\rule.test.ts" line="51" assertions="2" />
      <testcase name="ARCHITECTURE-RULE allows the canonical domain error alias" classname="ARCHITECTURE-RULE-no-invalid-usecase-error-imports" time="0" file="src\metrics\rules\use-cases\no-invalid-usecase-error-imports\rule.test.ts" line="84" assertions="1" />
      <testcase name="ARCHITECTURE-RULE flags policy files that import from the internal domain error module" classname="ARCHITECTURE-RULE-no-invalid-usecase-error-imports" time="0.016" file="src\metrics\rules\use-cases\no-invalid-usecase-error-imports\rule.test.ts" line="116" assertions="2" />
    </testsuite>
  </testsuite>
  <testsuite name="src\metrics\rules\use-cases\no-invalid-usecase-factories\rule.test.ts" file="src\metrics\rules\use-cases\no-invalid-usecase-factories\rule.test.ts" tests="3" assertions="3" failures="0" skipped="0" time="0" hostname="">
    <testsuite name="ARCHITECTURE-RULE-no-invalid-usecase-factories" file="src\metrics\rules\use-cases\no-invalid-usecase-factories\rule.test.ts" line="5" tests="3" assertions="3" failures="0" skipped="0" time="0" hostname="">
      <testcase name="ARCHITECTURE-RULE accepts a well-formed factory" classname="ARCHITECTURE-RULE-no-invalid-usecase-factories" time="0" file="src\metrics\rules\use-cases\no-invalid-usecase-factories\rule.test.ts" line="23" assertions="1" />
      <testcase name="ARCHITECTURE-RULE reports default exports, bad names and wrong arity" classname="ARCHITECTURE-RULE-no-invalid-usecase-factories" time="0" file="src\metrics\rules\use-cases\no-invalid-usecase-factories\rule.test.ts" line="31" assertions="1" />
      <testcase name="ARCHITECTURE-RULE reports a wrong dependency type" classname="ARCHITECTURE-RULE-no-invalid-usecase-factories" time="0" file="src\metrics\rules\use-cases\no-invalid-usecase-factories\rule.test.ts" line="55" assertions="1" />
    </testsuite>
  </testsuite>
  <testsuite name="src\metrics\rules\use-cases\no-invalid-usecase-folder-names\rule.test.ts" file="src\metrics\rules\use-cases\no-invalid-usecase-folder-names\rule.test.ts" tests="2" assertions="3" failures="0" skipped="0" time="0" hostname="">
    <testsuite name="ARCHITECTURE-RULE-no-invalid-usecase-folder-names" file="src\metrics\rules\use-cases\no-invalid-usecase-folder-names\rule.test.ts" line="50" tests="2" assertions="3" failures="0" skipped="0" time="0" hostname="">
      <testcase name="ARCHITECTURE-RULE flags non-kebab-case use-case folders" classname="ARCHITECTURE-RULE-no-invalid-usecase-folder-names" time="0" file="src\metrics\rules\use-cases\no-invalid-usecase-folder-names\rule.test.ts" line="51" assertions="2" />
      <testcase name="ARCHITECTURE-RULE allows kebab-case use-case folders" classname="ARCHITECTURE-RULE-no-invalid-usecase-folder-names" time="0" file="src\metrics\rules\use-cases\no-invalid-usecase-folder-names\rule.test.ts" line="82" assertions="1" />
    </testsuite>
  </testsuite>
</testsuites>
